@!@!@STARTMSG 2262:0 @!@!@
TLC2 Version 2.16 of 31 December 2020 (rev: cdddf55)
@!@!@ENDMSG 2262 @!@!@
@!@!@STARTMSG 2187:0 @!@!@
Running breadth-first search Model-Checking with fp 12 and seed 5102670941476038600 with 1 worker on 8 cores with 1175MB heap and 2641MB offheap memory [pid: 42467] (Linux 5.13.0-41-generic amd64, AdoptOpenJDK 14.0.1 x86_64, OffHeapDiskFPSet, DiskStateQueue).
@!@!@ENDMSG 2187 @!@!@
@!@!@STARTMSG 2220:0 @!@!@
Starting SANY...
@!@!@ENDMSG 2220 @!@!@
Parsing file /home/theo/workspace/TP-SystemeTransition/TP4-TLA/allocateur1.toolbox/Model_1/MC.tla
Parsing file /home/theo/workspace/TP-SystemeTransition/TP4-TLA/allocateur1.toolbox/Model_1/allocateur1.tla
Parsing file /home/theo/workspace/TP-SystemeTransition/TLA-toolbox/plugins/org.lamport.tlatools_1.0.0.202012311918/tla2sany/StandardModules/TLC.tla
Parsing file /home/theo/workspace/TP-SystemeTransition/TLA-toolbox/plugins/org.lamport.tlatools_1.0.0.202012311918/tla2sany/StandardModules/Naturals.tla
Parsing file /home/theo/workspace/TP-SystemeTransition/TLA-toolbox/plugins/org.lamport.tlatools_1.0.0.202012311918/tla2sany/StandardModules/Sequences.tla
Parsing file /home/theo/workspace/TP-SystemeTransition/TLA-toolbox/plugins/org.lamport.tlatools_1.0.0.202012311918/tla2sany/StandardModules/FiniteSets.tla
Semantic processing of module Naturals
Semantic processing of module allocateur1
Semantic processing of module Sequences
Semantic processing of module FiniteSets
Semantic processing of module TLC
Semantic processing of module MC
@!@!@STARTMSG 2219:0 @!@!@
SANY finished.
@!@!@ENDMSG 2219 @!@!@
@!@!@STARTMSG 2185:0 @!@!@
Starting... (2022-05-19 15:41:03)
@!@!@ENDMSG 2185 @!@!@
@!@!@STARTMSG 2212:0 @!@!@
Implied-temporal checking--satisfiability problem has 1 branches.
@!@!@ENDMSG 2212 @!@!@
@!@!@STARTMSG 2189:0 @!@!@
Computing initial states...
@!@!@ENDMSG 2189 @!@!@
@!@!@STARTMSG 2190:0 @!@!@
Finished computing initial states: 1 distinct state generated at 2022-05-19 15:41:03.
@!@!@ENDMSG 2190 @!@!@
@!@!@STARTMSG 2200:0 @!@!@
Progress(9) at 2022-05-19 15:41:05: 262 945 states generated, 15 618 distinct states found, 0 states left on queue.
@!@!@ENDMSG 2200 @!@!@
@!@!@STARTMSG 2192:0 @!@!@
Checking temporal properties for the complete state space with 15618 total distinct states at (2022-05-19 15:41:05)
@!@!@ENDMSG 2192 @!@!@
@!@!@STARTMSG 2116:1 @!@!@
Temporal properties were violated.

@!@!@ENDMSG 2116 @!@!@
@!@!@STARTMSG 2264:1 @!@!@
The following behavior constitutes a counter-example:

@!@!@ENDMSG 2264 @!@!@
@!@!@STARTMSG 2217:4 @!@!@
1: <Initial predicate>
/\ demande = (0 :> 0 @@ 1 :> 0 @@ 2 :> 0 @@ 3 :> 0)
/\ nbDispo = 6
/\ satisfait = (0 :> FALSE @@ 1 :> FALSE @@ 2 :> FALSE @@ 3 :> FALSE)

@!@!@ENDMSG 2217 @!@!@
@!@!@STARTMSG 2217:4 @!@!@
2: <demander line 49, col 18 to line 52, col 54 of module allocateur1>
/\ demande = (0 :> 0 @@ 1 :> 0 @@ 2 :> 1 @@ 3 :> 0)
/\ nbDispo = 6
/\ satisfait = (0 :> FALSE @@ 1 :> FALSE @@ 2 :> FALSE @@ 3 :> FALSE)

@!@!@ENDMSG 2217 @!@!@
@!@!@STARTMSG 2217:4 @!@!@
3: <demander line 49, col 18 to line 52, col 54 of module allocateur1>
/\ demande = (0 :> 0 @@ 1 :> 0 @@ 2 :> 1 @@ 3 :> 1)
/\ nbDispo = 6
/\ satisfait = (0 :> FALSE @@ 1 :> FALSE @@ 2 :> FALSE @@ 3 :> FALSE)

@!@!@ENDMSG 2217 @!@!@
@!@!@STARTMSG 2217:4 @!@!@
4: <demander line 49, col 18 to line 52, col 54 of module allocateur1>
/\ demande = (0 :> 0 @@ 1 :> 6 @@ 2 :> 1 @@ 3 :> 1)
/\ nbDispo = 6
/\ satisfait = (0 :> FALSE @@ 1 :> FALSE @@ 2 :> FALSE @@ 3 :> FALSE)

@!@!@ENDMSG 2217 @!@!@
@!@!@STARTMSG 2217:4 @!@!@
5: <demander line 49, col 18 to line 52, col 54 of module allocateur1>
/\ demande = (0 :> 5 @@ 1 :> 6 @@ 2 :> 1 @@ 3 :> 1)
/\ nbDispo = 6
/\ satisfait = (0 :> FALSE @@ 1 :> FALSE @@ 2 :> FALSE @@ 3 :> FALSE)

@!@!@ENDMSG 2217 @!@!@
@!@!@STARTMSG 2218:4 @!@!@
6: Stuttering
@!@!@ENDMSG 2218 @!@!@
@!@!@STARTMSG 2267:0 @!@!@
Finished checking temporal properties in 00s at 2022-05-19 15:41:05
@!@!@ENDMSG 2267 @!@!@
@!@!@STARTMSG 2201:0 @!@!@
The coverage statistics at 2022-05-19 15:41:05
@!@!@ENDMSG 2201 @!@!@
@!@!@STARTMSG 2773:0 @!@!@
<Init line 44, col 1 to line 44, col 4 of module allocateur1>: 2:2
@!@!@ENDMSG 2773 @!@!@
@!@!@STARTMSG 2221:0 @!@!@
  line 45, col 4 to line 47, col 44 of module allocateur1: 2
@!@!@ENDMSG 2221 @!@!@
@!@!@STARTMSG 2772:0 @!@!@
<demander line 49, col 1 to line 49, col 13 of module allocateur1>: 10332:37915
@!@!@ENDMSG 2772 @!@!@
@!@!@STARTMSG 2221:0 @!@!@
  line 49, col 21 to line 49, col 34 of module allocateur1: 413372
@!@!@ENDMSG 2221 @!@!@
@!@!@STARTMSG 2221:0 @!@!@
  |line 49, col 21 to line 49, col 30 of module allocateur1: 375457
@!@!@ENDMSG 2221 @!@!@
@!@!@STARTMSG 2221:0 @!@!@
  line 50, col 21 to line 50, col 33 of module allocateur1: 75830
@!@!@ENDMSG 2221 @!@!@
@!@!@STARTMSG 2221:0 @!@!@
  |line 50, col 22 to line 50, col 33 of module allocateur1: 37915
@!@!@ENDMSG 2221 @!@!@
@!@!@STARTMSG 2221:0 @!@!@
  line 51, col 21 to line 51, col 56 of module allocateur1: 37915
@!@!@ENDMSG 2221 @!@!@
@!@!@STARTMSG 2221:0 @!@!@
  line 52, col 21 to line 52, col 54 of module allocateur1: 37915
@!@!@ENDMSG 2221 @!@!@
@!@!@STARTMSG 2772:0 @!@!@
<obtenir line 54, col 1 to line 54, col 10 of module allocateur1>: 5285:112902
@!@!@ENDMSG 2772 @!@!@
@!@!@STARTMSG 2221:0 @!@!@
  line 54, col 18 to line 54, col 31 of module allocateur1: 112902
@!@!@ENDMSG 2221 @!@!@
@!@!@STARTMSG 2221:0 @!@!@
  |line 54, col 18 to line 54, col 27 of module allocateur1: 375453
@!@!@ENDMSG 2221 @!@!@
@!@!@STARTMSG 2221:0 @!@!@
  line 55, col 18 to line 55, col 38 of module allocateur1: 112902
@!@!@ENDMSG 2221 @!@!@
@!@!@STARTMSG 2221:0 @!@!@
  |line 55, col 18 to line 55, col 27 of module allocateur1: 337542
@!@!@ENDMSG 2221 @!@!@
@!@!@STARTMSG 2221:0 @!@!@
  |line 55, col 32 to line 55, col 38 of module allocateur1: 337542
@!@!@ENDMSG 2221 @!@!@
@!@!@STARTMSG 2221:0 @!@!@
  line 56, col 18 to line 56, col 30 of module allocateur1: 275292
@!@!@ENDMSG 2221 @!@!@
@!@!@STARTMSG 2221:0 @!@!@
  |line 56, col 19 to line 56, col 30 of module allocateur1: 162390
@!@!@ENDMSG 2221 @!@!@
@!@!@STARTMSG 2221:0 @!@!@
  line 57, col 18 to line 57, col 60 of module allocateur1: 112902
@!@!@ENDMSG 2221 @!@!@
@!@!@STARTMSG 2221:0 @!@!@
  line 58, col 18 to line 58, col 48 of module allocateur1: 112902
@!@!@ENDMSG 2221 @!@!@
@!@!@STARTMSG 2221:0 @!@!@
  line 59, col 18 to line 59, col 40 of module allocateur1: 112902
@!@!@ENDMSG 2221 @!@!@
@!@!@STARTMSG 2772:0 @!@!@
<liberer line 61, col 1 to line 61, col 10 of module allocateur1>: 0:112752
@!@!@ENDMSG 2772 @!@!@
@!@!@STARTMSG 2221:0 @!@!@
  line 61, col 18 to line 61, col 31 of module allocateur1: 112752
@!@!@ENDMSG 2221 @!@!@
@!@!@STARTMSG 2221:0 @!@!@
  |line 61, col 18 to line 61, col 27 of module allocateur1: 375453
@!@!@ENDMSG 2221 @!@!@
@!@!@STARTMSG 2221:0 @!@!@
  line 62, col 18 to line 62, col 29 of module allocateur1: 112752
@!@!@ENDMSG 2221 @!@!@
@!@!@STARTMSG 2221:0 @!@!@
  |line 62, col 18 to line 62, col 26 of module allocateur1: 337542
@!@!@ENDMSG 2221 @!@!@
@!@!@STARTMSG 2221:0 @!@!@
  |line 62, col 28 to line 62, col 28 of module allocateur1: 337542
@!@!@ENDMSG 2221 @!@!@
@!@!@STARTMSG 2221:0 @!@!@
  line 63, col 18 to line 63, col 61 of module allocateur1: 112752
@!@!@ENDMSG 2221 @!@!@
@!@!@STARTMSG 2221:0 @!@!@
  line 64, col 18 to line 64, col 48 of module allocateur1: 112752
@!@!@ENDMSG 2221 @!@!@
@!@!@STARTMSG 2221:0 @!@!@
  line 65, col 18 to line 65, col 53 of module allocateur1: 112752
@!@!@ENDMSG 2221 @!@!@
@!@!@STARTMSG 2774:0 @!@!@
<Action line 20, col 7 to line 22, col 44 of module allocateur1>
@!@!@ENDMSG 2774 @!@!@
@!@!@STARTMSG 2221:0 @!@!@
  line 20, col 7 to line 22, col 44 of module allocateur1: 15618
@!@!@ENDMSG 2221 @!@!@
@!@!@STARTMSG 2774:0 @!@!@
<Action line 32, col 24 to line 32, col 72 of module allocateur1>
@!@!@ENDMSG 2774 @!@!@
@!@!@STARTMSG 2221:0 @!@!@
  line 32, col 24 to line 32, col 72 of module allocateur1: 15618
@!@!@ENDMSG 2221 @!@!@
@!@!@STARTMSG 2221:0 @!@!@
  |line 32, col 42 to line 32, col 72 of module allocateur1: 62472
@!@!@ENDMSG 2221 @!@!@
@!@!@STARTMSG 2221:0 @!@!@
  ||line 32, col 42 to line 32, col 55 of module allocateur1: 62472
@!@!@ENDMSG 2221 @!@!@
@!@!@STARTMSG 2221:0 @!@!@
  ||line 32, col 60 to line 32, col 72 of module allocateur1: 6240
@!@!@ENDMSG 2221 @!@!@
@!@!@STARTMSG 2221:0 @!@!@
  |line 32, col 33 to line 32, col 38 of module allocateur1: 15618
@!@!@ENDMSG 2221 @!@!@
@!@!@STARTMSG 2774:0 @!@!@
<Action line 35, col 29 to line 35, col 113 of module allocateur1>
@!@!@ENDMSG 2774 @!@!@
@!@!@STARTMSG 2775:0 @!@!@
  line 35, col 44 to line 35, col 74 of module allocateur1: 15618:78174
@!@!@ENDMSG 2775 @!@!@
@!@!@STARTMSG 2221:0 @!@!@
  |line 35, col 61 to line 35, col 72 of module allocateur1: 62472
@!@!@ENDMSG 2221 @!@!@
@!@!@STARTMSG 2221:0 @!@!@
  |line 35, col 52 to line 35, col 57 of module allocateur1: 15618
@!@!@ENDMSG 2221 @!@!@
@!@!@STARTMSG 2221:0 @!@!@
  line 35, col 79 to line 35, col 113 of module allocateur1: 15618
@!@!@ENDMSG 2221 @!@!@
@!@!@STARTMSG 2202:0 @!@!@
End of statistics.
@!@!@ENDMSG 2202 @!@!@
@!@!@STARTMSG 2200:0 @!@!@
Progress(9) at 2022-05-19 15:41:05: 262 945 states generated (5 955 719 s/min), 15 618 distinct states found (353 748 ds/min), 0 states left on queue.
@!@!@ENDMSG 2200 @!@!@
@!@!@STARTMSG 2199:0 @!@!@
262945 states generated, 15618 distinct states found, 0 states left on queue.
@!@!@ENDMSG 2199 @!@!@
@!@!@STARTMSG 2186:0 @!@!@
Finished in 2653ms at (2022-05-19 15:41:05)
@!@!@ENDMSG 2186 @!@!@
