@!@!@STARTMSG 2262:0 @!@!@
TLC2 Version 2.16 of 31 December 2020 (rev: cdddf55)
@!@!@ENDMSG 2262 @!@!@
@!@!@STARTMSG 2187:0 @!@!@
Running breadth-first search Model-Checking with fp 38 and seed 8200408692298300869 with 4 workers on 8 cores with 1175MB heap and 2641MB offheap memory [pid: 101115] (Linux 5.11.0-49-generic amd64, AdoptOpenJDK 14.0.1 x86_64, OffHeapDiskFPSet, DiskStateQueue).
@!@!@ENDMSG 2187 @!@!@
@!@!@STARTMSG 2220:0 @!@!@
Starting SANY...
@!@!@ENDMSG 2220 @!@!@
Parsing file /home/theo/workspace/TP-SystemeTransition/TP2-TLA/jetonV3.toolbox/Model_1/MC.tla
Parsing file /home/theo/workspace/TP-SystemeTransition/TP2-TLA/jetonV3.toolbox/Model_1/jetonV3.tla
Parsing file /home/theo/workspace/TP-SystemeTransition/TLA-toolbox/plugins/org.lamport.tlatools_1.0.0.202012311918/tla2sany/StandardModules/TLC.tla
Parsing file /home/theo/workspace/TP-SystemeTransition/TLA-toolbox/plugins/org.lamport.tlatools_1.0.0.202012311918/tla2sany/StandardModules/Naturals.tla
Parsing file /home/theo/workspace/TP-SystemeTransition/TLA-toolbox/plugins/org.lamport.tlatools_1.0.0.202012311918/tla2sany/StandardModules/FiniteSets.tla
Parsing file /home/theo/workspace/TP-SystemeTransition/TLA-toolbox/plugins/org.lamport.tlatools_1.0.0.202012311918/tla2sany/StandardModules/Sequences.tla
Semantic processing of module Naturals
Semantic processing of module Sequences
Semantic processing of module FiniteSets
Semantic processing of module jetonV3
Semantic processing of module TLC
Semantic processing of module MC
@!@!@STARTMSG 2219:0 @!@!@
SANY finished.
@!@!@ENDMSG 2219 @!@!@
@!@!@STARTMSG 2185:0 @!@!@
Starting... (2022-05-11 09:28:43)
@!@!@ENDMSG 2185 @!@!@
@!@!@STARTMSG 2146:1 @!@!@
The invariant TypeInvariant is not a state predicate (one with no primes or temporal operators).
@!@!@ENDMSG 2146 @!@!@
@!@!@STARTMSG 2186:0 @!@!@
Finished in 683ms at (2022-05-11 09:28:43)
@!@!@ENDMSG 2186 @!@!@
